[debug] [2020-02-12T21:10:08.580Z] ----------------------------------------------------------------------
[debug] [2020-02-12T21:10:08.582Z] Command:       /usr/local/bin/node /usr/local/bin/firebase serve
[debug] [2020-02-12T21:10:08.582Z] CLI Version:   7.1.0
[debug] [2020-02-12T21:10:08.582Z] Platform:      darwin
[debug] [2020-02-12T21:10:08.582Z] Node Version:  v8.12.0
[debug] [2020-02-12T21:10:08.583Z] Time:          Wed Feb 12 2020 13:10:08 GMT-0800 (PST)
[debug] [2020-02-12T21:10:08.583Z] ----------------------------------------------------------------------
[debug] 
[debug] [2020-02-12T21:10:08.608Z] > command requires scopes: ["email","openid","https://www.googleapis.com/auth/cloudplatformprojects.readonly","https://www.googleapis.com/auth/firebase","https://www.googleapis.com/auth/cloud-platform"]
[debug] [2020-02-12T21:10:08.608Z] > authorizing via signed-in user
[debug] [2020-02-12T21:10:08.608Z] [iam] checking project golden-girls-battle-sim for permissions ["firebase.projects.get"]
[debug] [2020-02-12T21:10:08.610Z] >>> HTTP REQUEST POST https://cloudresourcemanager.googleapis.com/v1/projects/golden-girls-battle-sim:testIamPermissions  

[debug] [2020-02-12T21:10:08.720Z] <<< HTTP RESPONSE 200
[debug] [2020-02-12T21:10:08.721Z] >>> HTTP REQUEST GET https://firebase.googleapis.com/v1beta1/projects/golden-girls-battle-sim  
 
[debug] [2020-02-12T21:10:08.840Z] <<< HTTP RESPONSE 200
[info] 
[info] === Serving from '/Users/Guest/Desktop/Recipe-Wizards-firebase'...
[info] 
[debug] [2020-02-12T21:10:08.842Z] >>> HTTP REQUEST GET https://firebase.googleapis.com/v1beta1/projects/golden-girls-battle-sim/webApps/-/config  
 
[debug] [2020-02-12T21:10:09.170Z] <<< HTTP RESPONSE 200
[info] i  hosting: Serving hosting files from: dist
[info] ✔  hosting: Local server: http://localhost:5000
